{"method":"GET","url":"/","timestamp":"2024-06-04T18:12:26.353Z"}
{"method":"GET","url":"/books","timestamp":"2024-06-04T18:13:04.255Z"}
{"method":"GET","url":"/books/1","timestamp":"2024-06-04T18:14:07.280Z"}
{"method":"POST","url":"/books","timestamp":"2024-06-04T18:15:12.408Z"}
{"method":"POST","url":"/books/1/","timestamp":"2024-06-04T18:16:04.426Z"}
{"method":"PUT","url":"/books/1/","timestamp":"2024-06-04T18:16:34.350Z"}
{"method":"DELETE","url":"/books/1/","timestamp":"2024-06-04T18:17:01.712Z"}
{"method":"GET","url":"/books/","timestamp":"2024-06-05T12:32:54.496Z"}
{"method":"POST","url":"/books/","timestamp":"2024-06-05T12:33:28.730Z"}
{"method":"POST","url":"/books/","timestamp":"2024-06-05T12:33:43.767Z"}
{"method":"GET","url":"/books/","timestamp":"2024-06-05T12:33:48.667Z"}
{"method":"GET","url":"/books/1/","timestamp":"2024-06-05T12:34:20.256Z"}
{"method":"GET","url":"/books/","timestamp":"2024-06-05T12:34:24.512Z"}
{"method":"GET","url":"/books/66605b18b04459a0a139c3f6/","timestamp":"2024-06-05T12:34:33.219Z"}
{"method":"PUT","url":"/books/66605b18b04459a0a139c3f6/","timestamp":"2024-06-05T12:34:51.620Z"}
{"method":"DELETE","url":"/books/66605b18b04459a0a139c3f6/","timestamp":"2024-06-05T12:35:00.597Z"}
{"method":"DELETE","url":"/books/66605b18b04459a0a139c3f6/","timestamp":"2024-06-05T12:36:48.030Z"}
{"method":"DELETE","url":"/books/66605b18b04459a0a139c3f6/","timestamp":"2024-06-05T12:39:20.279Z"}
{"method":"GET","url":"/books/","timestamp":"2024-06-05T13:11:24.446Z"}
{"method":"GET","url":"/books/","timestamp":"2024-06-05T13:14:06.151Z"}
{"method":"GET","url":"/books/","timestamp":"2024-06-05T13:17:24.957Z"}
{"method":"GET","url":"/books/","timestamp":"2024-06-05T13:18:56.896Z"}
{"method":"POST","url":"/books/","timestamp":"2024-06-05T13:19:34.361Z"}
{"method":"POST","url":"/books/","timestamp":"2024-06-05T13:20:13.829Z"}
{"method":"POST","url":"/books/","timestamp":"2024-06-05T13:24:37.123Z"}
{"method":"POST","url":"/books/","timestamp":"2024-06-05T13:26:29.622Z"}
{"method":"POST","url":"/books/","timestamp":"2024-06-05T13:27:29.289Z"}
{"method":"POST","url":"/books/","timestamp":"2024-06-05T17:05:45.982Z"}
{"method":"POST","url":"/books/","timestamp":"2024-06-05T17:53:40.975Z"}
{"method":"GET","url":"/books/6660a62490ed1fc011cc9fb4/","timestamp":"2024-06-05T17:53:56.957Z"}
{"method":"PUT","url":"/books/6660a62490ed1fc011cc9fb4/","timestamp":"2024-06-05T17:54:07.520Z"}
{"method":"GET","url":"/books/","timestamp":"2024-06-05T17:54:20.364Z"}
{"method":"GET","url":"/books/","timestamp":"2024-06-05T18:11:37.966Z"}
{"method":"GET","url":"/books/","timestamp":"2024-06-05T18:14:56.880Z"}
{"method":"POST","url":"/books/","timestamp":"2024-06-05T18:15:04.676Z"}
{"method":"GET","url":"/books/","timestamp":"2024-06-05T18:23:32.575Z"}
